FRO53271 DAI88807 
DAI75645 GRO21487 GRO73461 
ELE32164 DAI55911 
DAI62779 FRO99372 
SNA45677 SNA93860 
DAI62779 SNA40784 
ELE17451 DAI42083 
ELE32164 FRO31317 
FRO40251 FRO32293 
DAI62779 FRO99783 
ELE17451 GRO88324 
DAI62779 ELE32164 DAI85309 
DAI62779 FRO40251 GRO38814 
ELE17451 ELE99737 
DAI62779 SNA93860 
DAI83733 ELE74009 
GRO46854 ELE66600 
SNA72163 ELE17451 DAI88807 
DAI85309 DAI42493 
DAI42493 ELE74009 
GRO30386 DAI85309 
DAI83733 DAI63921 
DAI88807 SNA93860 
ELE74009 ELE66600 
GRO15017 ELE26917 
FRO75586 ELE17451 
SNA99873 DAI62779 
ELE17451 DAI23334 
SNA80324 ELE14480 
SNA80324 SNA90094 
SNA80324 ELE17451 GRO85051 
DAI62779 SNA95666 
ELE66810 FRO40251 
DAI62779 SNA96466 
DAI85309 FRO78087 
FRO61354 DAI62779 
DAI29159 DAI62779 
DAI43223 GRO59710 
FRO66272 GRO73461 
DAI63921 DAI91290 
DAI75645 FRO40251 GRO73461 
DAI22177 ELE17451 
ELE34057 ELE91337 
DAI85309 SNA18336 
DAI62779 GRO82670 
ELE32164 DAI55148 
DAI62779 GRO56989 
DAI62779 GRO23573 
ELE74009 GRO81087 
GRO64900 GRO38814 
GRO46854 ELE59935 
GRO24246 ELE14480 
DAI88079 ELE17451 
SNA99873 FRO64631 
FRO40251 GRO73461 
SNA55762 GRO94758 
SNA93860 GRO71621 
DAI48891 DAI63921 
DAI88807 FRO32293 
ELE34057 FRO40251 
DAI75645 SNA18336 
ELE32164 GRO15017 
SNA55762 DAI22177 
DAI62779 FRO31317 GRO73461 
DAI62779 DAI42493 
SNA80324 FRO16142 
ELE74009 DAI22896 
DAI42493 GRO59710 
SNA40784 GRO59710 
ELE37048 ELE53126 
SNA55762 ELE99737 
SNA80324 GRO21487 FRO40251 
DAI83733 DAI87448 
SNA90258 GRO99222 
ELE74009 GRO38814 
DAI62779 GRO15017 SNA18336 
ELE59028 DAI62779 SNA93860 
ELE17451 SNA59061 
ELE53126 FRO40251 
GRO46854 FRO40251 GRO73461 
DAI62779 GRO56726 
SNA80324 ELE74009 
SNA45677 GRO81087 
SNA80324 FRO40251 
GRO30386 SNA72163 
GRO38814 GRO73461 
GRO32086 ELE17451 
SNA55762 FRO78087 
ELE28189 FRO17734 
DAI62779 GRO44993 
DAI75645 DAI85309 FRO40251 
DAI62779 FRO31317 
ELE74482 ELE53126 
DAI62779 DAI85309 ELE99737 
GRO15017 FRO40251 
ELE56788 GRO71621 
DAI62779 FRO79022 
FRO40251 ELE14480 
DAI62779 ELE20847 
DAI62779 FRO89565 
ELE32164 SNA90094 
ELE32164 GRO73461 
ELE56788 GRO59710 
ELE34057 GRO73461 
FRO35904 FRO78087 
ELE36909 DAI62779 
DAI85309 DAI95741 
ELE78169 GRO94758 
ELE20398 ELE17451 
DAI85309 FRO85978 
DAI22177 GRO21487 
DAI75645 FRO80039 
DAI75645 ELE26917 SNA80324 
SNA80324 DAI85309 
DAI62779 SNA44190 
DAI62779 ELE14480 
GRO30386 FRO98184 
DAI75645 FRO85978 
ELE59028 SNA93860 
ELE32164 ELE66810 
SNA96271 SNA90094 
DAI75645 FRO53271 
SNA45677 ELE59935 
SNA20554 SNA45677 
GRO81647 GRO21487 
GRO46854 ELE74009 
SNA80324 GRO88324 
DAI62779 GRO83463 
DAI62779 SNA45677 SNA96271 
ELE34057 SNA45677 
FRO53271 GRO59710 
GRO30386 DAI62779 GRO59710 
ELE92920 DAI62779 DAI85309 
SNA80324 FRO53271 
DAI62779 ELE26917 
SNA80324 GRO50832 
GRO46854 GRO38814 
DAI62779 ELE32164 GRO73461 
DAI91290 SNA90094 
SNA80324 GRO15017 
FRO40251 ELE59935 
GRO36567 GRO38814 
DAI75645 GRO15017 
DAI48891 DAI83733 
ELE92920 GRO59710 
DAI85309 SNA90094 
GRO30386 GRO44993 
ELE32164 SNA45677 GRO59710 
SNA59061 GRO73461 
GRO94758 FRO40251 
DAI75645 FRO40251 GRO85051 
GRO30386 DAI75645 
ELE92920 SNA45677 
SNA47306 DAI62779 
DAI22177 GRO73461 
DAI75645 FRO40251 DAI31081 
DAI62779 GRO38983 
GRO50832 FRO40251 
SNA72163 SNA59903 DAI88807 
DAI75645 DAI83733 
SNA99873 FRO40251 
SNA55617 DAI62779 
SNA96271 GRO71621 
ELE32164 DAI88807 
FRO61354 SNA80324 
DAI43223 GRO81087 
DAI62779 ELE32164 
SNA62128 GRO73461 
SNA99873 ELE91337 
SNA80324 FRO80039 FRO40251 
GRO32086 DAI75645 
DAI62779 ELE21353 FRO19221 
GRO30386 ELE74482 
GRO46854 DAI22896 
GRO30386 SNA80324 DAI62779 
GRO30386 GRO56726 
DAI62779 ELE17451 DAI91290 
ELE66600 ELE91337 
ELE92920 DAI62779 
ELE26917 GRO85051 
FRO40251 FRO92469 GRO73461 
ELE34057 GRO21487 
ELE91337 GRO73461 
DAI33336 DAI62779 
DAI43223 GRO38814 
DAI85309 GRO59710 
DAI62779 ELE37770 
SNA80324 FRO32293 
DAI59508 DAI62779 
DAI62779 ELE17451 FRO80039 
DAI83733 ELE26917 
GRO61133 GRO59710 
SNA96271 SNA74022 
DAI62779 DAI85309 SNA18336 
FRO78087 ELE74009 
SNA80324 ELE11111 
ELE92920 DAI75645 
ELE88583 GRO30912 
DAI42493 FRO40251 
ELE17451 DAI55148 
SNA80324 ELE12792 
SNA99873 DAI22177 
ELE56788 DAI75645 
GRO30386 DAI75645 FRO40251 
GRO88511 DAI62779 
SNA47306 DAI75645 
FRO40251 DAI22896 
SNA38068 ELE17451 
ELE99737 SNA90094 
DAI62779 SNA24799 
DAI62779 FRO43226 
DAI42493 SNA18336 
ELE66810 ELE74009 
DAI85309 SNA96271 
ELE74482 ELE37048 
ELE56788 FRO80039 
GRO88511 GRO73461 
ELE26917 FRO85978 
DAI75645 DAI95741 
FRO41939 ELE66810 
FRO78087 GRO71621 
GRO46854 GRO15017 
DAI62779 FRO85978 SNA93860 
GRO30386 DAI62779 
ELE12792 GRO73461 
DAI63921 GRO44993 
DAI62779 DAI55148 FRO40251 
ELE32164 GRO46854 
DAI62779 ELE85027 
ELE17451 GRO15017 
DAI75645 DAI55148 FRO40251 
GRO30386 DAI62779 GRO73461 
SNA80324 FRO92261 
GRO64900 FRO85978 
FRO24098 ELE53126 
SNA99873 DAI63921 
DAI55148 FRO92469 
ELE56788 GRO73461 
DAI62779 ELE17451 SNA90094 
SNA99873 GRO94758 
ELE92920 DAI62779 FRO40251 
DAI22896 GRO73461 
DAI62779 ELE62598 
GRO64900 ELE91337 
SNA80324 GRO99222 
DAI62779 GRO38814 GRO73461 
SNA12663 GRO73461 
ELE92920 ELE17451 
DAI75645 GRO35122 
GRO21487 ELE74009 
DAI83733 ELE17451 
DAI62779 GRO36567 
DAI62779 SNA95666 FRO85978 
FRO80039 FRO78087 
SNA80324 ELE59935 
DAI22177 ELE26917 
SNA99873 GRO61133 
GRO50832 FRO80039 
DAI62779 GRO46854 
SNA18336 GRO73461 
FRO80039 SNA93860 
SNA99873 DAI62779 ELE17451 
SNA38068 GRO73461 
ELE32164 GRO21487 
ELE66810 GRO21487 
DAI75645 FRO40251 GRO81087 
ELE66810 FRO80039 
ELE12792 ELE17451 
ELE11111 ELE17451 
DAI62779 DAI94679 
SNA72163 FRO40251 
DAI88079 GRO73461 
ELE32164 ELE14480 
DAI62779 FRO75586 
ELE17451 ELE37770 
ELE74482 GRO73461 
SNA80324 GRO85051 DAI62779 
GRO30386 FRO53271 
DAI55148 GRO73461 
DAI62779 ELE20398 
ELE32164 ELE66600 
GRO94758 GRO38814 
ELE12792 DAI62779 
DAI62779 SNA30755 
ELE74482 ELE17451 
SNA55952 GRO73461 
DAI62779 GRO21487 GRO73461 
DAI63921 ELE66600 
DAI43223 DAI62779 ELE17451 
DAI62779 GRO71621 
GRO30386 SNA99873 
DAI22177 DAI63921 
DAI75645 FRO40251 GRO38814 
GRO56726 ELE99737 
ELE34057 ELE14480 
ELE74009 SNA93860 
DAI85309 GRO81087 
DAI75645 DAI55148 
ELE17451 SNA57865 
FRO80039 ELE74009 
ELE92920 DAI85309 
SNA80324 DAI83948 
ELE32164 GRO59710 ELE17451 
GRO30386 DAI22896 
SNA45677 GRO73461 
DAI75645 ELE14480 
FRO80039 DAI88807 
FRO53271 GRO21487 
DAI62779 ELE24630 
SNA80324 DAI31081 
FRO92469 FRO40251 DAI55148 
DAI75645 GRO46854 GRO73461 
DAI75645 GRO38814 SNA80324 
DAI48891 ELE78169 
DAI75645 DAI42493 
ELE32164 ELE34057 
DAI62779 ELE32164 SNA18336 
FRO40251 ELE26917 
SNA99873 SNA93860 
ELE34057 FRO80039 
ELE32164 SNA45677 
GRO59710 GRO73461 
DAI22177 ELE32164 
ELE32164 GRO81087 
SNA69641 GRO73461 
GRO30386 GRO21487 
FRO80039 GRO38814 
DAI62779 GRO88505 
DAI62779 ELE17451 
DAI75645 ELE17451 SNA80324 
ELE11111 GRO59710 
DAI62779 ELE17451 GRO46854 
SNA80324 ELE66810 
GRO56726 DAI87448 
ELE17451 FRO40251 GRO85051 
DAI22177 SNA45677 
DAI62779 DAI88079 
GRO56726 SNA90094 
FRO32293 GRO73461 
ELE66600 GRO71621 
ELE99737 FRO85978 
FRO74605 GRO73461 
DAI88079 FRO40251 GRO73461 
GRO36567 GRO73461 
DAI62779 SNA59903 SNA72163 
FRO31317 FRO85978 
ELE92920 DAI62779 ELE74009 
ELE32164 FRO80039 
ELE99737 GRO73461 
ELE17451 SNA55952 
ELE20847 ELE26917 
DAI83948 ELE26917 
DAI85309 GRO15017 
FRO31317 ELE66600 
DAI62779 SNA40408 
DAI85309 FRO80039 
GRO32086 ELE55848 
DAI55911 GRO73461 
ELE32164 DAI91290 
SNA99873 ELE74009 
FRO92261 GRO71621 
SNA80324 GRO21487 
ELE26917 GRO73461 
FRO40251 ELE62598 
DAI75645 FRO31317 
SNA80324 ELE37048 
GRO30386 FRO40251 
DAI62779 DAI55148 
GRO46854 DAI87448 
SNA45677 GRO38983 
GRO59710 FRO78087 
ELE56788 DAI62779 ELE17451 
DAI22240 FRO40251 
FRO16142 GRO73461 
DAI62779 DAI85309 SNA45677 
FRO85978 ELE66600 
ELE37770 ELE53126 
SNA80324 FRO40251 GRO38814 
DAI88807 GRO73461 
DAI75645 GRO38814 
FRO80039 ELE26917 
DAI62779 FRO40251 
GRO24246 DAI62779 
DAI22240 ELE37048 
DAI62779 SNA93730 
ELE74482 DAI75645 
DAI85309 FRO32293 
DAI75645 DAI31081 
FRO16142 DAI88807 
ELE37048 FRO40251 
DAI62779 ELE12845 
ELE32164 FRO89565 
DAI75645 ELE20847 DAI62779 
FRO35904 GRO21487 
DAI62779 GRO15017 
DAI62779 GRO73461 
GRO21487 DAI92600 
GRO94758 ELE74009 
SNA80324 DAI62779 GRO73461 
DAI75645 SNA45677 SNA80324 
GRO56726 ELE26917 
FRO53271 DAI22896 
SNA80324 FRO40251 DAI31081 
GRO30386 SNA45677 
DAI62779 SNA57865 
SNA45677 ELE91337 
FRO35904 ELE32164 
FRO16142 GRO38814 
ELE68605 FRO40251 
SNA55762 GRO21487 
ELE20847 FRO40251 
ELE66810 ELE34057 
DAI75645 DAI85309 DAI62779 
ELE78169 SNA45677 
ELE17451 DAI31081 
SNA80324 ELE17451 DAI55148 
ELE17451 DAI87448 
SNA80324 GRO81087 
SNA80324 FRO40251 DAI62779 
SNA80324 SNA45677 FRO40251 
DAI83031 DAI94679 
GRO46854 GRO94758 
DAI85309 ELE99737 GRO94758 
ELE32164 GRO61133 
SNA99873 ELE37048 
ELE66810 GRO73461 
GRO56989 DAI31081 
SNA80324 SNA96271 
GRO30386 DAI22177 
FRO40251 DAI55911 
SNA45677 ELE86561 
FRO98729 FRO40251 
GRO83463 ELE17451 
DAI43223 ELE17451 GRO59710 
SNA44190 GRO73461 
ELE17451 FRO66272 
ELE17451 FRO85978 
GRO56726 FRO40251 GRO73461 
ELE78169 GRO94758 DAI62779 
ELE17451 GRO21487 
DAI62779 DAI85309 GRO73461 
DAI62779 DAI88807 SNA72163 
DAI75645 ELE20847 
GRO64900 FRO80039 
GRO24246 SNA30859 
GRO88511 DAI83948 
GRO81087 GRO73461 
DAI62779 ELE91337 
DAI62779 ELE17451 DAI55148 
GRO81647 FRO40251 
SNA80324 GRO46854 
FRO31317 ELE26917 
DAI43223 ELE17451 
ELE92920 DAI75645 DAI62779 
DAI62779 DAI42083 DAI92600 
FRO16142 GRO59710 
SNA42528 DAI62779 
ELE32164 DAI35347 
SNA80324 GRO94758 DAI62779 
ELE32164 SNA96271 
FRO31317 ELE17451 
ELE32164 DAI92600 
GRO68067 GRO73461 
DAI43223 DAI62779 ELE32164 
SNA53220 FRO19221 
SNA80324 DAI83733 
SNA99873 GRO15017 
SNA80324 GRO69543 
GRO69543 DAI62779 
FRO31317 DAI85309 
ELE59028 FRO85978 
ELE66810 SNA66979 
GRO30386 DAI62779 ELE17451 
GRO89004 ELE25077 
GRO69543 GRO21487 
DAI75645 GRO85051 
DAI62779 FRO92469 FRO40251 
DAI70456 ELE37770 
FRO53271 GRO73461 
DAI42493 GRO21487 
SNA99873 ELE17451 
ELE74482 DAI85309 
FRO98729 DAI62779 
ELE17451 GRO38814 
SNA80324 FRO40251 ELE26917 
FRO35904 FRO85978 
DAI62779 FRO40251 GRO85051 
ELE32164 ELE53126 
ELE56788 GRO30386 
FRO31317 FRO80039 
FRO31317 DAI63921 
ELE32164 SNA59903 
ELE17451 ELE74009 
SNA82528 DAI43868 
DAI62779 ELE34057 
ELE74482 ELE37770 
ELE92920 GRO46854 
GRO56726 ELE17451 
FRO24098 GRO73461 
DAI95741 GRO73461 
SNA95666 ELE66600 
GRO15017 GRO73461 
ELE37048 ELE32164 
GRO59710 FRO80039 
DAI62779 ELE17451 ELE74009 
FRO35904 FRO31317 
SNA99873 ELE53126 
DAI75645 GRO73461 
DAI85309 ELE59935 
DAI83733 ELE59935 
FRO31317 ELE34057 
FRO40251 SNA93860 
DAI75645 GRO38814 GRO73461 
DAI22177 ELE74009 
ELE32164 FRO32293 
GRO81087 GRO71621 
DAI62779 SNA50789 
GRO59710 ELE26917 
DAI73122 GRO73461 
SNA80324 SNA55762 
SNA47306 GRO36567 
FRO85978 ELE91337 
ELE34057 FRO85978 
DAI62779 SNA72163 
DAI48891 DAI62779 
DAI62779 SNA29014 
DAI85309 GRO73461 
DAI62779 DAI88079 FRO40251 
DAI43223 DAI31081 
GRO94758 FRO80039 
DAI62779 FRO92469 
GRO30386 SNA80324 FRO40251 
FRO48038 FRO43226 
DAI42083 DAI92600 
ELE17451 SNA88283 
SNA80324 DAI55148 FRO40251 
DAI62779 ELE17451 DAI85309 
SNA80324 ELE17451 FRO40251 
SNA80324 ELE20847 FRO40251 
SNA55762 ELE17451 DAI62779 
DAI85309 FRO79022 
DAI62779 ELE17451 ELE26917 
FRO40251 GRO38983 
SNA80324 GRO44993 
DAI87448 ELE34057 
SNA30533 SNA96271 
DAI75645 GRO94758 SNA80324 
DAI75645 ELE12792 
GRO24246 GRO56726 
GRO59710 SNA62128 
DAI62779 DAI87448 
SNA55762 SNA45677 
FRO75586 FRO40251 
GRO94758 ELE26917 
ELE32164 FRO53271 
SNA55762 DAI85309 
DAI86167 FRO43226 
DAI75645 SNA80324 GRO73461 
DAI31081 FRO40251 GRO85051 
DAI83733 FRO85978 
DAI83733 FRO80039 
GRO21487 ELE26917 
DAI63921 SNA55952 
FRO31317 FRO40251 
ELE37770 FRO40251 
DAI83733 ELE66600 
ELE66810 ELE66600 
FRO40251 GRO81087 
ELE92920 ELE26917 
GRO69543 FRO40251 GRO73461 
ELE32164 GRO71621 
ELE99737 FRO40251 
DAI22177 DAI85309 
SNA99873 GRO73461 
DAI62779 GRO68067 
DAI62779 GRO89148 
SNA45677 ELE26917 
DAI62779 ELE37048 
DAI62779 DAI73122 
DAI62779 SNA53220 FRO19221 
GRO59710 GRO38814 
DAI85309 SNA45677 
GRO85051 FRO40251 DAI55911 
SNA55762 FRO80039 
DAI75645 FRO40251 SNA55762 
DAI43223 DAI62779 GRO59710 
GRO21487 FRO80039 
SNA55617 SNA24799 
SNA80324 DAI88079 FRO40251 
DAI48891 GRO73461 
DAI62779 SNA88283 
GRO56726 FRO40251 
DAI62779 GRO17075 
ELE92920 DAI85309 SNA18336 
ELE92920 SNA18336 
SNA99873 ELE34057 
ELE92920 DAI43223 
GRO69543 ELE17451 
ELE17451 FRO92469 FRO40251 
GRO35122 GRO73461 
ELE74482 SNA45677 
GRO94758 GRO71621 
GRO38814 GRO71621 
DAI62779 FRO85978 
ELE92920 DAI83733 
SNA18336 GRO81087 
DAI62779 ELE17451 FRO78087 
DAI75645 FRO40251 ELE74009 
DAI83948 FRO40251 
DAI62779 FRO40251 ELE26917 
DAI22177 ELE34057 
SNA80324 FRO40251 SNA55762 
ELE74009 GRO71621 
ELE17451 ELE14480 
DAI75645 GRO81087 SNA80324 
ELE32164 GRO35122 
ELE17451 DAI85309 SNA18336 
DAI62779 DAI92600 
DAI62779 ELE17451 GRO59710 
DAI75645 DAI88079 
ELE17451 SNA96271 
DAI83948 GRO73461 
FRO40251 SNA55952 
GRO30386 ELE17451 GRO73461 
ELE17451 ELE66810 
GRO56726 FRO79022 
SNA99873 GRO59710 
SNA53220 SNA93860 
SNA85241 GRO44993 
SNA80324 ELE66600 
SNA45677 GRO59710 
DAI63921 FRO66272 
DAI85309 DAI91290 
DAI62779 SNA82528 
DAI62779 ELE11111 
FRO31317 SNA96271 
ELE92920 GRO71621 
GRO32086 FRO40251 
GRO44993 GRO73461 
GRO46854 SNA66583 
ELE14480 SNA62128 
DAI43223 ELE32164 GRO73461 
FRO85978 GRO71621 
DAI62779 ELE25077 
DAI75645 ELE66600 
DAI49199 FRO40251 
FRO31317 SNA93860 
SNA96271 FRO40251 
DAI63921 GRO21487 
GRO21487 FRO85978 
ELE56788 FRO78087 
SNA99873 SNA45677 
ELE32164 SNA71332 
SNA55762 GRO59710 
ELE74009 SNA90094 
FRO40251 DAI53152 
GRO15017 FRO80039 
ELE74482 GRO21487 
ELE99737 FRO19221 
DAI87448 FRO85978 
FRO35904 SNA96271 
ELE32164 ELE62598 
FRO40251 GRO38814 
SNA90258 DAI62779 
GRO32086 FRO31317 
SNA55762 FRO40251 
SNA38068 DAI62779 
DAI62779 DAI48126 
DAI75645 GRO44993 
ELE17451 FRO53271 
GRO46854 GRO71621 
ELE56788 ELE66810 
DAI91290 GRO73461 
FRO75586 ELE20847 
SNA96271 ELE26917 
GRO30386 ELE74009 
DAI62779 GRO50832 
ELE56788 ELE26917 
FRO31317 GRO73461 
FRO31317 GRO61133 
DAI63921 ELE59935 
DAI75645 FRO40251 
FRO35904 GRO71621 
FRO40251 DAI92600 
SNA38068 ELE32164 
FRO61354 FRO40251 
SNA99873 SNA40784 
ELE14480 GRO73461 
DAI43223 GRO73461 
SNA90094 FRO85978 
DAI75645 FRO40251 SNA80324 
DAI62779 FRO66272 
SNA80324 ELE53126 
SNA96271 GRO73461 
ELE17451 SNA59903 
ELE17451 ELE20847 
GRO71621 GRO73461 
ELE17451 GRO85051 
ELE38289 SNA66979 
ELE17451 FRO92469 
GRO85051 ELE26917 FRO40251 
ELE56788 ELE32164 
ELE17451 GRO64900 
GRO21487 SNA90094 
GRO21487 GRO73461 
DAI83733 FRO31317 
DAI43223 GRO94758 
ELE17451 SNA40784 
DAI62779 DAI83733 DAI85309 
DAI75645 ELE74009 
ELE17451 GRO56989 
DAI43223 SNA45677 
DAI42493 GRO73461 
FRO47962 DAI75645 
SNA80324 FRO80039 
FRO35904 DAI63921 
ELE92920 ELE74009 
GRO30386 ELE26917 
DAI62779 FRO40251 GRO71621 
ELE17451 SNA62128 
DAI62779 GRO85051 
SNA80324 DAI42493 
SNA80324 FRO40251 GRO73461 
ELE78169 SNA45677 GRO94758 
DAI62779 FRO16142 
SNA72163 ELE17451 
DAI62779 FRO78994 
SNA99873 DAI49199 
FRO78087 ELE26917 
SNA80324 ELE20847 DAI62779 
DAI85309 GRO38814 
DAI22177 FRO78087 
DAI88807 FRO40251 
FRO31317 DAI31081 
ELE17451 GRO59710 
SNA90094 GRO73461 
GRO15017 SNA90094 
GRO46854 ELE34057 
ELE92920 GRO81087 
FRO53271 DAI31081 
SNA99873 ELE26917 
SNA80324 GRO56726 
DAI62779 ELE74009 
DAI63921 ELE86561 
DAI75645 ELE66810 
DAI85309 GRO71621 
DAI22177 ELE91337 
DAI62779 DAI22896 GRO73461 
SNA80324 DAI62779 
DAI22177 FRO66272 
GRO94758 GRO59710 
GRO46854 FRO79022 
FRO35904 FRO99783 
DAI75645 FRO78087 
SNA99873 FRO80039 
GRO94173 SNA45677 
GRO64900 ELE26917 
GRO94758 GRO21487 
ELE74482 FRO40251 
SNA12663 FRO40251 
DAI62779 SNA69641 
ELE92920 DAI62779 ELE17451 
ELE17451 ELE66600 
DAI62779 SNA62128 
DAI75645 GRO94758 FRO40251 
FRO40251 GRO71621 
SNA80324 DAI91290 
SNA72163 DAI88807 GRO73461 
SNA80324 FRO78087 
GRO64900 GRO73461 
DAI62779 GRO59710 
GRO36567 FRO40251 
DAI83733 FRO40251 
GRO44993 FRO73056 GRO73461 
SNA80324 GRO85051 
SNA80324 GRO38814 
ELE88583 SNA24799 
DAI63921 ELE66810 
ELE26917 GRO38814 
DAI62779 DAI85309 
SNA45677 GRO44993 
GRO38814 GRO85051 
ELE32164 DAI73122 
ELE68605 ELE17451 
DAI75645 DAI88807 
FRO47962 DAI75645 GRO73461 
DAI62779 ELE59935 
FRO31317 DAI35347 
SNA80324 FRO92469 DAI62779 
DAI62779 SNA96271 
ELE17451 DAI92600 
GRO46854 SNA45677 
DAI62779 GRO88324 
FRO31317 SNA90094 
GRO85051 FRO40251 ELE20847 
SNA90258 ELE17451 
FRO31317 GRO71621 
DAI62779 FRO19221 SNA93860 
DAI62779 FRO53271 
ELE17451 ELE62598 
GRO46854 SNA96271 
FRO35904 SNA45677 
ELE17451 FRO40251 GRO73461 
DAI83733 FRO32293 
DAI48891 SNA45677 
GRO99222 ELE17451 
GRO81647 GRO73461 
ELE17451 SNA59903 DAI88807 
DAI62779 ELE17451 FRO40251 
ELE17451 FRO40251 
DAI75645 DAI85309 
ELE17451 GRO94758 
GRO56726 GRO21487 
DAI63921 SNA45677 
DAI22177 FRO31317 
SNA99873 SNA80324 
GRO21487 ELE91337 
DAI22240 DAI62779 
ELE74482 ELE74009 
GRO30386 FRO80039 
DAI75645 SNA55762 
SNA95666 FRO78087 
DAI83733 GRO38814 
FRO80039 GRO73461 
GRO69543 ELE32164 
DAI62779 DAI42083 
FRO40251 DAI31081 
GRO38814 DAI22896 
SNA55762 DAI62779 
DAI62779 FRO78087 
DAI87448 ELE91337 
SNA55762 ELE66600 
SNA88283 GRO73461 
DAI62779 ELE17451 GRO85051 
GRO30386 GRO59710 
SNA80324 DAI55148 
FRO35904 DAI75645 
ELE26917 ELE59935 
ELE17451 SNA45677 
SNA72163 DAI88807 
DAI83733 ELE91337 
FRO31317 GRO21487 
FRO85978 SNA55952 
ELE92920 SNA80324 
GRO46854 GRO21487 
DAI75645 GRO61133 
DAI62779 SNA96271 GRO73461 
GRO30386 FRO31317 
SNA99873 ELE66810 
DAI75645 ELE17451 FRO40251 
DAI42493 DAI88807 
ELE26917 ELE66600 
GRO61133 ELE74009 
DAI63921 ELE99737 
FRO35904 GRO73461 
DAI62779 ELE69552 
DAI35347 DAI85309 
ELE59028 DAI62779 FRO85978 
DAI75645 FRO92469 FRO40251 
SNA55762 ELE74009 
GRO15017 FRO85978 
DAI62779 DAI49199 
ELE26917 GRO44993 
DAI62779 GRO64900 
GRO81045 GRO46854 
GRO21487 DAI22896 
DAI22240 ELE74482 
DAI62779 ELE20847 FRO40251 
DAI62779 DAI22177 
FRO31317 ELE66810 
GRO46854 ELE26917 
ELE26917 GRO38983 
DAI85309 ELE99737 
ELE11111 GRO94758 
ELE59028 DAI62779 
ELE32164 GRO59710 GRO73461 
SNA80324 FRO40251 GRO71621 
FRO43226 FRO40251 
ELE32164 DAI37288 
ELE66600 GRO38983 
SNA45677 SNA90094 
ELE66810 FRO35729 
ELE17451 FRO78087 
DAI62779 DAI85309 GRO71621 
ELE32164 DAI22896 
ELE92920 FRO31317 
GRO30386 DAI75645 DAI62779 
SNA80324 FRO40251 GRO81087 
GRO59710 SNA90094 
DAI62779 SNA49107 
ELE17451 GRO73461 
DAI62779 FRO92261 
DAI75645 GRO71621 
DAI83733 SNA45677 
DAI62779 DAI95741 
GRO85051 DAI55911 
FRO31317 SNA45677 
DAI85309 DAI55148 
DAI93865 FRO40251 
FRO98729 ELE66600 
ELE17451 ELE34057 
GRO99222 FRO40251 
GRO71621 ELE91337 
ELE68605 ELE32164 
SNA55762 GRO73461 
DAI75645 DAI62779 
SNA80324 FRO92469 
DAI62779 ELE99737 
FRO78087 GRO73461 
SNA45677 GRO71621 
DAI75645 ELE34057 
DAI43223 ELE32164 
ELE32164 SNA18336 
DAI31081 GRO85051 
FRO40251 DAI95741 
DAI88807 ELE74009 
SNA80324 GRO94758 FRO40251 
DAI22177 ELE66600 
SNA45677 FRO40251 GRO85051 
DAI75645 ELE17451 GRO73461 
ELE92920 DAI62779 ELE32164 
DAI75645 FRO32293 
GRO59710 DAI88807 
GRO30386 SNA90094 
DAI88807 GRO38814 
DAI62779 SNA45677 GRO94758 
ELE32164 DAI42493 
SNA55762 FRO31317 
DAI48891 ELE17451 
GRO59710 DAI92600 
FRO40251 GRO44993 
ELE49801 SNA93860 
SNA45677 FRO32293 
FRO53271 DAI42493 
SNA99873 GRO46854 
DAI85309 GRO94758 
SNA80324 GRO94758 
DAI75645 GRO85051 SNA80324 
GRO59710 SNA59903 
SNA99873 ELE66600 
GRO69543 FRO40251 
SNA40784 GRO71621 
DAI62779 DAI55911 
FRO85978 SNA93860 
DAI85309 ELE74009 
ELE66600 GRO73461 
GRO21487 ELE66600 
FRO80039 FRO40251 
GRO59710 DAI91290 
ELE34057 ELE26917 
DAI75645 SNA72163 
ELE30933 GRO73461 
ELE66600 ELE32244 
DAI63921 FRO80039 
DAI31081 GRO73461 
DAI62779 SNA45677 
ELE32164 ELE74009 
FRO73056 GRO73461 
GRO46854 DAI85309 
FRO40251 SNA18336 
GRO85051 FRO40251 GRO73461 
DAI75645 ELE11111 
DAI62779 DAI31081 
ELE32164 GRO38814 
GRO15017 SNA18336 
DAI22240 ELE17451 
SNA90094 DAI95741 
DAI85309 GRO21487 
DAI75645 GRO21487 
ELE34057 GRO59710 
DAI88079 FRO40251 
ELE32164 GRO59710 DAI31081 
GRO69543 FRO31317 
DAI22177 FRO85978 
DAI83733 GRO46854 
GRO30386 DAI91290 
GRO30386 ELE59935 
GRO61133 FRO85978 
FRO31317 GRO59710 
DAI62779 SNA53220 
DAI75645 SNA96271 
DAI43223 DAI85309 
GRO94758 FRO78087 
DAI83733 GRO71621 
ELE20847 GRO73461 
ELE92920 DAI62779 GRO15017 
ELE60381 DAI62779 
GRO56726 FRO31317 
FRO92469 FRO40251 ELE20847 
GRO64900 FRO40251 
ELE66810 FRO32293 
SNA47306 FRO40251 
ELE17451 ELE53126 
FRO92469 FRO40251 
FRO16142 ELE17451 
GRO30386 SNA80324 
DAI63921 ELE91337 
ELE32164 SNA93860 
ELE32164 FRO78087 
FRO80039 GRO71621 
DAI62779 SNA59903 
GRO30386 GRO81087 
DAI62779 GRO21487 
SNA80324 ELE17451 
GRO56726 FRO85978 
SNA44451 DAI18527 
SNA45677 FRO78087 
ELE92920 DAI62779 DAI42493 
ELE32164 ELE99737 
GRO21487 GRO38814 
GRO61133 DAI22896 
DAI43223 DAI62779 
DAI62779 ELE17451 SNA59903 
GRO39357 FRO78087 
DAI62779 SNA90094 
DAI62779 GRO95519 
DAI75645 GRO81087 
GRO61133 GRO15017 
DAI75645 GRO56726 
DAI62779 ELE17451 SNA45677 
DAI75645 ELE17451 DAI55148 
DAI62779 ELE66810 
ELE26917 ELE74009 
DAI22177 GRO46854 
DAI62779 DAI83733 ELE17451 
GRO61133 FRO40251 
DAI62779 ELE17451 DAI31081 
SNA55762 ELE91337 
ELE74482 DAI62779 
ELE20847 SNA96271 
SNA45677 FRO85978 
DAI83733 GRO21487 
GRO46854 GRO61133 
DAI43223 ELE32164 GRO59710 
DAI87448 DAI85309 
SNA99873 FRO31317 
DAI62779 GRO38814 
ELE17451 DAI22896 
ELE11111 ELE32164 
GRO56726 DAI95741 
SNA80324 FRO53271 FRO40251 
ELE17451 FRO80039 
SNA55762 GRO46854 
ELE32164 FRO53271 GRO59710 
DAI75645 DAI91290 
FRO31317 GRO81087 
DAI85309 ELE26917 
FRO40251 SNA62128 
DAI62779 ELE21353 
GRO30386 FRO78087 
SNA53220 FRO19221 SNA93860 
SNA45677 ELE74009 
DAI63921 SNA12663 
FRO78087 FRO85978 
GRO56726 FRO32293 
SNA72163 GRO73461 
DAI62779 GRO81087 
DAI62779 SNA31619 
SNA45677 SNA96271 
DAI62779 GRO46854 DAI85309 
SNA31619 SNA96271 
DAI62779 GRO99222 
DAI62779 ELE17451 SNA72163 
FRO19221 GRO73461 
GRO18367 DAI62779 
SNA80324 SNA93860 
SNA80324 ELE20847 
ELE92920 DAI62779 DAI23334 
FRO40251 GRO38814 GRO85051 
SNA59903 DAI92600 
ELE26917 DAI55911 
DAI62779 GRO71621 GRO73461 
FRO74605 FRO40251 
FRO80039 DAI92600 
ELE87456 GRO73461 
ELE74482 SNA80324 
ELE11111 GRO73461 
ELE56788 FRO40251 
ELE30933 DAI87448 
SNA99873 SNA55762 
ELE87456 DAI62779 
DAI75645 ELE26917 DAI62779 
SNA80324 GRO35122 
GRO59710 FRO32293 
DAI62779 ELE81534 
DAI87448 FRO40251 
ELE17451 SNA18336 
FRO40251 DAI91290 
ELE92920 DAI62779 SNA18336 
FRO35904 DAI83733 
SNA72163 GRO38814 
DAI62779 DAI83733 
DAI75645 FRO92469 
SNA55762 GRO38814 
ELE17451 GRO81087 
GRO30386 ELE32164 
SNA95666 FRO85978 
DAI75645 SNA90094 
SNA80324 FRO40251 GRO85051 
SNA72163 ELE74009 
GRO21487 FRO40251 GRO85051 
DAI62779 GRO81647 
DAI88352 DAI62779 
DAI62779 DAI85309 FRO40251 
ELE26917 FRO32293 
ELE92920 ELE17451 DAI85309 
GRO30386 GRO71621 
ELE17451 ELE59935 
FRO24098 DAI62779 
GRO46854 GRO73461 
FRO16142 ELE32164 
GRO56726 DAI63921 
SNA45677 FRO40251 
ELE12951 FRO40251 
DAI62779 GRO29598 
DAI62779 SNA12663 
GRO30386 GRO46854 
DAI62779 SNA59061 
GRO30386 SNA88283 
SNA55762 DAI85309 DAI62779 
DAI63921 FRO32293 
DAI83733 FRO79022 
GRO32086 DAI62779 
GRO15017 ELE66600 
SNA47306 SNA45677 
SNA80324 ELE32164 
SNA45677 GRO64900 
DAI62779 DAI50921 
DAI62779 FRO32293 
DAI62779 DAI22534 
ELE56788 DAI22177 
DAI75645 FRO92469 SNA80324 
GRO30386 DAI62779 ELE32164 
ELE99737 FRO80039 
DAI63921 GRO71621 
DAI75645 DAI22896 
GRO21487 GRO44993 
DAI62779 ELE32164 GRO59710 
FRO40251 SNA90094 
FRO85978 GRO44993 
FRO53271 SNA45677 
SNA80324 SNA72163 
SNA72163 ELE32164 
DAI85309 ELE99737 SNA45677 
GRO61133 GRO81087 
ELE56788 DAI85309 
SNA55762 ELE32164 
SNA38068 FRO40251 
FRO53271 ELE53126 
SNA55762 DAI62779 GRO73461 
DAI62779 GRO61133 
SNA72163 SNA93860 
FRO40251 GRO35122 
DAI91290 GRO81087 
DAI62779 SNA45677 GRO73461 
ELE34057 GRO71621 
SNA99873 GRO32086 
DAI62779 ELE17451 GRO71621 
FRO80039 ELE91337 
DAI62779 FRO98184 
SNA45677 GRO94758 
FRO73056 GRO44993 
FRO35904 DAI62779 
SNA99873 GRO38814 
FRO19221 GRO71621 
ELE32164 ELE17451 
DAI85309 SNA93860 
SNA55762 ELE34057 
GRO30386 GRO61133 
GRO30386 ELE17451 
FRO92261 FRO40251 
GRO46854 SNA90094 
DAI75645 DAI55148 DAI62779 
FRO80039 ELE66600 
DAI62779 ELE17451 GRO94758 
DAI75645 DAI62779 GRO73461 
DAI83733 GRO73461 
SNA45677 FRO80039 
ELE32164 GRO59710 
GRO69543 GRO73461 
FRO43226 GRO73461 
DAI62779 DAI22896 
DAI22177 DAI83733 
SNA45677 GRO21487 
SNA72163 SNA59903 
FRO31317 ELE53126 
FRO35904 ELE12845 
FRO61354 GRO73461 
FRO19221 SNA93860 
FRO40251 SNA50789 
ELE17451 SNA90094 
DAI75645 GRO21487 FRO40251 
GRO21487 FRO32293 
DAI62779 ELE17451 SNA18336 
DAI35347 FRO80039 
DAI85309 ELE91337 
SNA42528 GRO73461 
GRO32086 ELE32164 
SNA47306 ELE26917 
SNA72163 DAI22896 
FRO53271 ELE74009 
DAI62779 DAI67621 
ELE59028 ELE17451 
ELE12792 SNA69641 
FRO40251 GRO85051 
ELE92920 GRO73461 
SNA45677 GRO15017 
DAI75645 ELE20847 FRO40251 
ELE17451 ELE26917 
FRO40251 ELE74009 
DAI85309 FRO40251 
FRO53271 GRO85051 
SNA90094 GRO71621 
DAI62779 SNA18336 
FRO35904 SNA99873 
DAI62779 ELE88583 
SNA99873 DAI83733 
FRO31317 FRO78087 
GRO83463 ELE32164 
SNA80324 FRO75586 
DAI62779 SNA55952 
DAI85309 SNA40784 
DAI42083 SNA59903 
FRO85978 GRO73461 
SNA38068 ELE62598 
SNA96271 GRO38983 
ELE74482 GRO59710 
ELE56788 FRO31317 
ELE17451 DAI42083 DAI92600 
ELE20398 GRO73461 
SNA99873 FRO78087 
SNA80324 GRO71621 
GRO21487 FRO40251 GRO73461 
GRO61133 GRO73461 
ELE20847 GRO85051 
GRO56726 GRO46854 
SNA80324 DAI22177 
DAI22177 ELE66810 
DAI63921 ELE11160 
DAI75645 DAI55911 
DAI62779 ELE17451 GRO73461 
FRO80039 SNA96466 
FRO53271 FRO40251 
DAI75645 SNA45677 FRO40251 
GRO59710 GRO81087 
DAI62779 DAI88807 
DAI62779 DAI83948 
SNA72163 GRO21487 
ELE17451 DAI91290 
DAI62779 FRO19221 GRO73461 
ELE20847 FRO92469 
ELE49801 GRO46854 
SNA99873 ELE32164 
FRO31317 DAI42493 
DAI85309 FRO66272 
GRO21487 GRO71621 
DAI63921 GRO61133 
FRO99783 FRO79022 
GRO69543 DAI88807 
FRO35904 DAI85309 
GRO94758 GRO73461 
SNA55762 GRO15017 
DAI62779 DAI38969 
DAI85309 ELE99737 FRO19221 
DAI75645 GRO46854 
ELE26917 GRO81087 
ELE92920 FRO40251 
DAI63921 ELE34057 
ELE32164 SNA40784 
DAI62779 FRO73056 
SNA38068 SNA80324 
DAI75645 ELE17451 DAI62779 
SNA80324 ELE17451 DAI62779 
DAI75645 GRO85051 DAI62779 
ELE26917 GRO71621 
DAI83733 GRO56726 
SNA99873 FRO32293 
SNA80324 DAI88079 
FRO31317 ELE74009 
DAI62779 DAI23334 
ELE32164 DAI85309 
FRO35904 FRO40251 
GRO46854 FRO85978 
ELE12792 FRO80039 
ELE92920 ELE17451 SNA18336 
GRO30386 SNA96271 
GRO56726 GRO61133 
ELE17451 GRO61133 
FRO80039 SNA96271 
DAI88088 ELE38289 
FRO43226 FRO66272 
FRO47962 GRO73461 
DAI91290 ELE26917 
DAI85309 ELE14480 
ELE17451 FRO32293 
FRO80039 ELE14480 
FRO35904 ELE74009 
FRO92469 GRO73461 
ELE17451 DAI85309 
SNA59903 GRO73461 
GRO21487 GRO59710 
FRO53271 FRO80039 
FRO98729 SNA55762 
ELE68605 GRO73461 
ELE56788 SNA45677 
DAI85309 ELE34057 
GRO46854 SNA93860 
FRO98184 ELE17451 
ELE32164 ELE26917 
GRO21487 DAI88807 
DAI63921 GRO73461 
ELE92920 DAI62779 GRO59710 
DAI85309 FRO19221 
FRO53271 GRO38814 
ELE17451 SNA93860 
DAI62779 SNA74022 
ELE17451 DAI88807 
GRO59710 SNA93860 
ELE34057 ELE99737 
DAI62779 DAI63921 
ELE74482 FRO31317 
DAI62779 ELE53126 
DAI62779 FRO40251 GRO73461 
GRO61133 DAI88807 
DAI87448 GRO21487 
GRO46854 FRO32293 
ELE92920 DAI62779 DAI83733 
DAI75645 DAI55148 SNA80324 
SNA55762 ELE17451 
ELE17451 DAI88079 FRO40251 
DAI75645 FRO40251 GRO71621 
DAI62779 GRO46854 GRO73461 
ELE17451 FRO92261 
DAI75645 ELE20847 SNA80324 
SNA38068 GRO59710 
SNA80324 GRO73461 
DAI67189 DAI62779 
SNA80324 SNA44190 
DAI75645 SNA80324 DAI62779 
DAI75645 GRO69543 
FRO78087 ELE66600 
FRO31317 GRO46854 
ELE32164 DAI31081 
FRO53271 FRO40251 GRO85051 
SNA30755 ELE17451 
FRO16142 FRO40251 
GRO59710 DAI31081 
SNA95666 ELE74009 
DAI62779 GRO35122 
SNA99873 FRO92261 
ELE69552 FRO19221 
DAI22177 FRO40251 
DAI62779 ELE32164 ELE17451 
DAI75645 SNA80324 
FRO35904 ELE17451 
FRO31317 FRO32293 
ELE99737 GRO94758 
SNA55762 DAI83733 
DAI62779 DAI91290 
FRO35904 SNA55762 
ELE17451 DAI42493 
SNA45677 GRO85051 
ELE78169 DAI62779 
ELE68605 DAI62779 
GRO21487 SNA93860 
ELE92629 ELE26917 
DAI62779 FRO31317 ELE17451 
GRO46854 FRO40251 
DAI92600 GRO73461 
GRO30386 GRO69543 
ELE92920 DAI42493 
SNA45677 GRO36567 
DAI35347 ELE26917 
FRO80039 FRO32293 
GRO56726 DAI85309 
ELE99737 SNA45677 
DAI22177 FRO32293 
ELE56788 FRO32293 
DAI48891 GRO94758 
DAI83733 ELE32164 
GRO46854 FRO80039 
FRO40251 FRO78087 
ELE56788 DAI62779 
SNA80324 DAI22896 
DAI75645 GRO64900 
GRO21487 GRO85051 
ELE74482 ELE32164 
SNA99873 DAI85309 
GRO21487 DAI31081 
SNA96271 ELE66600 
FRO31317 GRO15017 
DAI75645 FRO53271 FRO40251 
DAI62779 ELE17451 SNA96271 
FRO53271 FRO32293 
GRO15017 GRO81087 
SNA80324 FRO92469 FRO40251 
DAI42083 GRO59710 
ELE49801 GRO73461 
ELE92920 ELE32164 
GRO99222 ELE26917 
DAI88807 DAI31081 
DAI85309 GRO61133 
DAI55148 FRO40251 
DAI75645 DAI22177 
GRO32086 GRO73461 
GRO56726 FRO80039 
GRO33815 DAI50913 
SNA99873 DAI75645 
FRO99783 GRO46854 
FRO35904 ELE91337 
FRO89565 FRO40251 
ELE12792 FRO40251 
ELE62598 GRO73461 
ELE11111 FRO40251 
ELE17451 GRO35122 
DAI62779 SNA18336 FRO40251 
SNA80324 SNA45677 
DAI75645 SNA93860 
GRO38636 FRO40251 
DAI62779 FRO19221 
DAI35347 ELE17451 
DAI75645 ELE17451 
DAI43223 ELE32164 ELE17451 
DAI62779 ELE17451 GRO81087 
ELE32164 GRO94758 
ELE56788 ELE17451 
SNA80324 ELE26917 
SNA72163 ELE17451 SNA59903 
DAI83733 DAI85309 
FRO35904 GRO46854 
DAI75645 FRO40251 DAI62779 
ELE37798 GRO73461 
DAI75645 DAI88079 FRO40251 
DAI63921 DAI85309 
DAI85309 ELE66600 
ELE56788 SNA80324 
DAI22177 DAI31081 
DAI48891 GRO36567 
FRO31317 DAI22896 
FRO80039 ELE59935 
DAI22177 GRO59710 
GRO46854 DAI63921 
SNA45677 ELE66600 
ELE32164 SNA62128 
FRO98729 ELE26917 
ELE21353 FRO19221 
SNA80324 GRO64900 
SNA55762 FRO85978 
ELE66810 SNA45677 
DAI75645 FRO40251 ELE26917 
GRO30386 DAI62779 FRO40251 
ELE32164 FRO43226 
ELE17451 GRO71621 
DAI43223 ELE74009 
DAI75645 ELE26917 
GRO21487 GRO15017 
FRO80039 FRO85978 
ELE74009 FRO85978 
GRO56726 GRO35122 
SNA95666 GRO73461 
SNA80324 DAI88807 
GRO30386 GRO73461 
ELE17451 FRO99372 
GRO21487 FRO40251 
GRO30386 FRO32293 
SNA42528 FRO40251 
ELE17451 GRO46854 
DAI62779 ELE49801 
SNA80324 SNA96271 FRO40251 
SNA80324 GRO61133 
ELE17451 FRO89565 
DAI87448 GRO73461 
SNA55762 GRO71621 
SNA59903 DAI88807 
FRO40251 GRO38814 GRO73461 
FRO31317 GRO38814 
DAI62779 SNA53220 SNA93860 
GRO32086 FRO53271 
ELE59935 GRO73461 
SNA99873 GRO71621 
GRO30386 DAI75645 SNA80324 
GRO88511 FRO40251 
SNA99873 FRO53271 
SNA47306 GRO73461 
DAI62779 ELE86561 
GRO69543 DAI31081 
FRO40251 GRO56989 
SNA20554 DAI62779 
ELE24630 ELE26917 
DAI62779 DAI35347 
GRO59710 GRO15017 
SNA80324 FRO31317 
DAI62779 ELE20196 
SNA99873 GRO21487 
ELE92920 DAI62779 GRO81087 
FRO24098 FRO40251 
DAI22177 GRO71621 
FRO31317 DAI88807 
SNA24799 ELE30182 
ELE59028 FRO85978 SNA93860 
DAI16732 FRO78087 
SNA99873 FRO85978 
GRO56726 SNA45677 
DAI51880 ELE26917 
DAI63921 ELE26917 
DAI75645 ELE74009 SNA80324 
GRO59710 ELE53126 
SNA80324 ELE99737 
GRO30386 SNA12663 
ELE17451 DAI63921 
DAI88352 ELE17451 
ELE17451 DAI55911 
GRO61133 GRO38814 
DAI62779 DAI42493 SNA18336 
SNA99873 ELE74482 
DAI62779 ELE17451 DAI42493 
SNA93860 GRO73461 
GRO85051 GRO73461 
DAI62779 FRO80039 
SNA38068 ELE17451 DAI62779 
DAI22177 FRO80039 
GRO15017 ELE74009 
SNA45677 GRO38814 
DAI83948 ELE32164 
ELE32164 FRO40251 
SNA55762 ELE26917 
SNA55762 DAI63921 
FRO40251 ELE66600 
ELE66810 ELE26917 
SNA80324 DAI55148 DAI62779 
DAI62779 SNA43319 
SNA80324 DAI55911 
DAI75645 SNA45677 
GRO64900 ELE74009 
FRO40251 FRO85978 
GRO56726 SNA93860 
ELE17451 FRO99783 
ELE92920 DAI23334 
ELE37048 ELE17451 
GRO46854 ELE91337 
DAI63921 FRO85978 
DAI75645 GRO94758 
ELE92920 GRO15017 
DAI46755 FRO81176 
ELE66810 DAI85309 
DAI62779 ELE17451 GRO15017 
GRO59710 ELE62598 
ELE17451 DAI55148 FRO40251 
GRO94758 FRO85978 
GRO32086 ELE53126 
DAI62779 ELE66600 
GRO38814 SNA93860 
FRO35904 SNA80324 
ELE66810 GRO59710 
DAI35347 ELE66810 
GRO46854 DAI95741 
DAI62779 GRO30912 
FRO31317 FRO53271 
SNA55762 SNA80324 DAI75645 
GRO56726 GRO73461 
DAI62779 GRO94758 
DAI75645 DAI83948 
ELE74009 GRO73461 
GRO59710 ELE74009 
SNA38068 DAI75645 
DAI75645 FRO16142 
ELE17451 DAI95741 
