top 10 confidence rules, (itemsets size = 2):
#   set_A   set_B   confidence   lift   conviction
 1. {DAI93865} --> {FRO40251}    1.0000    8.0137 9999.9999 
 2. {GRO85051} --> {FRO40251}    0.9992    8.0071 1062.5086 
 3. {GRO38636} --> {FRO40251}    0.9907    7.9388   93.6478 
 4. {ELE12951} --> {FRO40251}    0.9906    7.9381   92.7726 
 5. {DAI88079} --> {FRO40251}    0.9867    7.9073   65.9327 
 6. {FRO92469} --> {FRO40251}    0.9835    7.8815   53.0754 
 7. {DAI43868} --> {SNA82528}    0.9730   50.9435   36.2933 
 8. {DAI23334} --> {DAI62779}    0.9545    4.4529   17.2839 
 9. {ELE92920} --> {DAI62779}    0.7327    3.4178    2.9388 
10. {DAI53152} --> {FRO40251}    0.7179    5.7534    3.1030 


top 10 confidence rules, itemsets size = 3
#   set_A   set_B   confidence   lift   conviction
 1. {DAI75645, GRO85051} --> {FRO40251}    1.0000    8.0137 9999.9999 
 2. {ELE17451, GRO85051} --> {FRO40251}    1.0000    8.0137 9999.9999 
 3. {DAI62779, DAI88079} --> {FRO40251}    1.0000    8.0137 9999.9999 
 4. {GRO85051, DAI31081} --> {FRO40251}    1.0000    8.0137 9999.9999 
 5. {DAI55911, GRO85051} --> {FRO40251}    1.0000    8.0137 9999.9999 
 6. {ELE26917, GRO85051} --> {FRO40251}    1.0000    8.0137 9999.9999 
 7. {ELE20847, GRO85051} --> {FRO40251}    1.0000    8.0137 9999.9999 
 8. {SNA45677, GRO85051} --> {FRO40251}    1.0000    8.0137 9999.9999 
 9. {GRO73461, GRO85051} --> {FRO40251}    1.0000    8.0137 9999.9999 
10. {FRO92469, ELE20847} --> {FRO40251}    1.0000    8.0137 9999.9999 


top 10 lift rules (itemsets size = 2):
#   set_A   set_B   confidence   lift   conviction
 1. {SNA44451} --> {DAI18527}    0.5829   67.6397    2.3766 
 2. {DAI18527} --> {SNA44451}    0.3806   67.6397    1.6054 
 3. {DAI43868} --> {SNA82528}    0.9730   50.9435   36.2933 
 4. {SNA82528} --> {DAI43868}    0.4848   50.9435    1.9227 
 5. {FRO17734} --> {ELE28189}    0.5816   50.1028    2.3621 
 6. {ELE28189} --> {FRO17734}    0.4543   50.1028    1.8159 
 7. {GRO30912} --> {ELE88583}    0.5000   47.4101    1.9789 
 8. {ELE88583} --> {GRO30912}    0.3201   47.4101    1.4609 
 9. {GRO89004} --> {ELE25077}    0.6981   45.4186    3.2609 
10. {ELE25077} --> {GRO89004}    0.4498   45.4186    1.7995 


top 10 lift rules (itemsets size = 3):
#   set_A   set_B   confidence   lift   conviction
 1. {SNA93860, FRO19221} --> {SNA53220}    0.7550   40.4831    4.0050 
 2. {SNA53220} --> {SNA93860, FRO19221}    0.1966   40.4831    1.2386 
 3. {DAI62779, DAI92600} --> {DAI42083}    0.5932   35.3443    2.4171 
 4. {DAI42083} --> {DAI62779, DAI92600}    0.2011   35.3443    1.2447 
 5. {ELE17451, DAI92600} --> {DAI42083}    0.5735   34.1711    2.3055 
 6. {DAI42083} --> {ELE17451, DAI92600}    0.2241   34.1711    1.2804 
 7. {ELE92920, DAI85309} --> {SNA18336}    0.6915   30.3352    3.1680 
 8. {SNA18336} --> {ELE92920, DAI85309}    0.1961   30.3352    1.2358 
 9. {DAI62779, DAI42083} --> {DAI92600}    0.8974   29.8515    9.4569 
10. {DAI92600} --> {DAI62779, DAI42083}    0.1123   29.8515    1.1223 


top 10 conviction rules (itemsets size = 2):
#   set_A   set_B   confidence   lift   conviction
 1. {DAI93865} --> {FRO40251}    1.0000    8.0137 9999.9999 
 2. {GRO85051} --> {FRO40251}    0.9992    8.0071 1062.5086 
 3. {GRO38636} --> {FRO40251}    0.9907    7.9388   93.6478 
 4. {ELE12951} --> {FRO40251}    0.9906    7.9381   92.7726 
 5. {DAI88079} --> {FRO40251}    0.9867    7.9073   65.9327 
 6. {FRO92469} --> {FRO40251}    0.9835    7.8815   53.0754 
 7. {DAI43868} --> {SNA82528}    0.9730   50.9435   36.2933 
 8. {DAI23334} --> {DAI62779}    0.9545    4.4529   17.2839 
 9. {ELE55848} --> {GRO32086}    0.7095   25.7768    3.3471 
10. {GRO89004} --> {ELE25077}    0.6981   45.4186    3.2609 


top 10 conviction rules (itemsets size = 3):
#   set_A   set_B   confidence   lift   conviction
 1. {DAI75645, GRO85051} --> {FRO40251}    1.0000    8.0137 9999.9999 
 2. {ELE17451, GRO85051} --> {FRO40251}    1.0000    8.0137 9999.9999 
 3. {DAI62779, DAI88079} --> {FRO40251}    1.0000    8.0137 9999.9999 
 4. {GRO85051, DAI31081} --> {FRO40251}    1.0000    8.0137 9999.9999 
 5. {DAI55911, GRO85051} --> {FRO40251}    1.0000    8.0137 9999.9999 
 6. {ELE26917, GRO85051} --> {FRO40251}    1.0000    8.0137 9999.9999 
 7. {ELE20847, GRO85051} --> {FRO40251}    1.0000    8.0137 9999.9999 
 8. {SNA45677, GRO85051} --> {FRO40251}    1.0000    8.0137 9999.9999 
 9. {GRO73461, GRO85051} --> {FRO40251}    1.0000    8.0137 9999.9999 
10. {FRO92469, ELE20847} --> {FRO40251}    1.0000    8.0137 9999.9999 


